<?xml version="1.0" encoding="utf-8"?><testsuite errors="0" failures="0" name="pytest" skips="0" tests="13" time="0.405"><testcase classname="tests.unit.test_models" file="tests/unit/test_models.py" line="20" name="test_tox_works" time="0.000777006149292"></testcase><testcase classname="tests.unit.test_models.TestUser" file="tests/unit/test_models.py" line="32" name="test_get_user" time="0.0510230064392"></testcase><testcase classname="tests.unit.test_models.TestUser" file="tests/unit/test_models.py" line="39" name="test_get_group" time="0.00514602661133"></testcase><testcase classname="tests.unit.test_models.TestUser" file="tests/unit/test_models.py" line="46" name="test_post_group[group_data0]" time="0.038426399231"></testcase><testcase classname="tests.unit.test_models.TestUser" file="tests/unit/test_models.py" line="46" name="test_post_group[group_data1]" time="0.0381789207458"></testcase><testcase classname="tests.unit.test_models.TestUser" file="tests/unit/test_models.py" line="46" name="test_post_group[group_data2]" time="0.0372598171234"></testcase><testcase classname="tests.unit.test_models.TestUser" file="tests/unit/test_models.py" line="46" name="test_post_group[group_data3]" time="0.0398621559143"></testcase><testcase classname="tests.unit.test_models.TestUser" file="tests/unit/test_models.py" line="46" name="test_post_group[group_data4]" time="0.031521320343"></testcase><testcase classname="tests.unit.test_models.TestUser" file="tests/unit/test_models.py" line="53" name="test_post_user[user_data0]" time="0.0425462722778"></testcase><testcase classname="tests.unit.test_models.TestUser" file="tests/unit/test_models.py" line="53" name="test_post_user[user_data1]" time="0.0325398445129"></testcase><testcase classname="tests.unit.test_models.TestUser" file="tests/unit/test_models.py" line="53" name="test_post_user[user_data2]" time="0.0333368778229"></testcase><testcase classname="tests.unit.test_models.TestUser" file="tests/unit/test_models.py" line="60" name="test_parametrize[user-get_user]" time="0.00670123100281"></testcase><testcase classname="tests.unit.test_models.TestUser" file="tests/unit/test_models.py" line="60" name="test_parametrize[group-get_group]" time="0.00548386573792"></testcase></testsuite>